p/54_783_1606859132.5161297.png 1 0 0 180 120
p/53_704_1606859132.117243.png 1 0 0 180 120
p/52_531_1606859130.446528.png 1 0 0 180 120
p/51_616_1606859129.625514.png 1 0 0 180 120
p/50_676_1606859129.2215319.png 1 0 0 180 120
p/49_528_1606859127.508355.png 1 0 0 180 120
p/48_520_1606859127.0246267.png 1 0 0 180 120
p/47_514_1606859124.919701.png 1 0 0 180 120
p/46_537_1606859115.414557.png 1 0 0 180 120
p/45_735_1606859115.018219.png 1 0 0 180 120
p/44_627_1606859114.6176188.png 1 0 0 180 120
p/43_510_1606859114.2146435.png 1 0 0 180 120
p/42_618_1606859109.6237571.png 1 0 0 180 120
p/41_597_1606859108.8214493.png 1 0 0 180 120
p/40_689_1606859108.3188646.png 1 0 0 180 120
p/39_663_1606859107.9139056.png 1 0 0 180 120
p/38_534_1606859107.5190966.png 1 0 0 180 120
p/37_562_1606859103.4667668.png 1 0 0 180 120
p/36_567_1606859103.108099.png 1 0 0 180 120
p/35_535_1606859102.3096783.png 1 0 0 180 120
p/34_642_1606859098.6509573.png 1 0 0 180 120
p/33_943_1606859098.2266788.png 1 0 0 180 120
p/32_589_1606859097.825761.png 1 0 0 180 120
p/31_1010_1606859096.6164396.png 1 0 0 180 120
p/30_891_1606859096.2106783.png 1 0 0 180 120
p/29_513_1606859095.3119674.png 1 0 0 180 120
p/28_1000_1606859094.5128405.png 1 0 0 180 120
p/27_1327_1606859094.108685.png 1 0 0 180 120
p/26_781_1606859093.7114103.png 1 0 0 180 120
p/25_1167_1606859093.3124092.png 1 0 0 180 120
p/24_1166_1606859092.914356.png 1 0 0 180 120
p/23_1234_1606859092.4443557.png 1 0 0 180 120
p/22_1236_1606859092.0473247.png 1 0 0 180 120
p/21_1055_1606859091.6188602.png 1 0 0 180 120
p/20_955_1606859091.2241845.png 1 0 0 180 120
p/19_618_1606859090.8246107.png 1 0 0 180 120
p/18_1005_1606859090.4173098.png 1 0 0 180 120
p/17_839_1606859090.0206163.png 1 0 0 180 120
p/16_860_1606859089.5218806.png 1 0 0 180 120
p/15_1125_1606859085.518022.png 1 0 0 180 120
p/14_1658_1606859085.1188931.png 1 0 0 180 120
p/13_1819_1606859084.6457868.png 1 0 0 180 120
p/12_1540_1606859084.2486966.png 1 0 0 180 120
p/11_1507_1606859083.8510177.png 1 0 0 180 120
p/10_1971_1606859083.4170687.png 1 0 0 180 120
p/9_2098_1606859083.0192213.png 1 0 0 180 120
p/8_2233_1606859082.619545.png 1 0 0 180 120
p/7_2287_1606859082.2127173.png 1 0 0 180 120
p/6_2083_1606859081.729507.png 1 0 0 180 120
p/5_2337_1606859081.3089495.png 1 0 0 180 120
p/4_1874_1606859080.8371496.png 1 0 0 180 120
p/3_2183_1606859080.4180365.png 1 0 0 180 120
p/2_2118_1606859079.9201307.png 1 0 0 180 120
p/1_1705_1606859079.4448855.png 1 0 0 180 120
p/0_549_1606859079.0438254.png 1 0 0 180 120
p/12_681_1606858946.410802.png 1 0 0 180 120
p/11_649_1606858936.2122416.png 1 0 0 180 120
p/10_848_1606858935.005115.png 1 0 0 180 120
p/6_683_1606858932.9170098.png 1 0 0 180 120
p/5_1329_1606858932.4473379.png 1 0 0 180 120
p/4_1485_1606858932.0243351.png 1 0 0 180 120
p/3_1430_1606858931.6183357.png 1 0 0 180 120
p/2_1175_1606858931.1165981.png 1 0 0 180 120
p/1_546_1606858930.7168498.png 1 0 0 180 120
p/0_776_1606858930.311689.png 1 0 0 180 120